{
"G:\\Tiago\\ng2-todo\\src\\app\\login\\login.service.js":{"path":"G:\\Tiago\\ng2-todo\\src\\app\\login\\login.service.js","s":{"1":1,"2":1,"3":1,"4":1,"5":0,"6":0,"7":0,"8":1,"9":1,"10":1,"11":1,"12":1,"13":1,"14":1,"15":0,"16":1,"17":0,"18":0,"19":0,"20":0,"21":0,"22":0,"23":1,"24":0,"25":0,"26":1,"27":0,"28":0,"29":0,"30":1,"31":1,"32":1},"b":{"1":[1,1,1],"2":[1,0],"3":[0,0],"4":[1,0],"5":[1,1],"6":[0,0],"7":[0,0],"8":[0,0],"9":[0,0],"10":[1,0,0],"11":[1,1,1],"12":[1,0],"13":[1,1],"14":[0,0],"15":[0,0]},"f":{"1":1,"2":1,"3":1,"4":0,"5":0,"6":0,"7":0,"8":0,"9":0},"fnMap":{"1":{"name":"(anonymous_1)","line":2,"loc":{"start":{"line":2,"column":46},"end":{"line":2,"column":87}}},"2":{"name":"(anonymous_2)","line":8,"loc":{"start":{"line":8,"column":46},"end":{"line":8,"column":62}}},"3":{"name":"(anonymous_3)","line":12,"loc":{"start":{"line":12,"column":20},"end":{"line":12,"column":32}}},"4":{"name":"LoginService","line":13,"loc":{"start":{"line":13,"column":4},"end":{"line":13,"column":28}}},"5":{"name":"(anonymous_5)","line":19,"loc":{"start":{"line":19,"column":36},"end":{"line":19,"column":60}}},"6":{"name":"(anonymous_6)","line":22,"loc":{"start":{"line":22,"column":18},"end":{"line":22,"column":37}}},"7":{"name":"(anonymous_7)","line":30,"loc":{"start":{"line":30,"column":34},"end":{"line":30,"column":46}}},"8":{"name":"(anonymous_8)","line":34,"loc":{"start":{"line":34,"column":60},"end":{"line":34,"column":84}}},"9":{"name":"(anonymous_9)","line":35,"loc":{"start":{"line":35,"column":41},"end":{"line":35,"column":54}}}},"statementMap":{"1":{"start":{"line":2,"column":0},"end":{"line":7,"column":2}},"2":{"start":{"line":3,"column":4},"end":{"line":3,"column":129}},"3":{"start":{"line":4,"column":4},"end":{"line":5,"column":150}},"4":{"start":{"line":4,"column":79},"end":{"line":4,"column":131}},"5":{"start":{"line":5,"column":9},"end":{"line":5,"column":150}},"6":{"start":{"line":5,"column":58},"end":{"line":5,"column":150}},"7":{"start":{"line":5,"column":81},"end":{"line":5,"column":150}},"8":{"start":{"line":6,"column":4},"end":{"line":6,"column":66}},"9":{"start":{"line":8,"column":0},"end":{"line":10,"column":2}},"10":{"start":{"line":9,"column":4},"end":{"line":9,"column":109}},"11":{"start":{"line":9,"column":79},"end":{"line":9,"column":109}},"12":{"start":{"line":11,"column":0},"end":{"line":11,"column":38}},"13":{"start":{"line":12,"column":0},"end":{"line":43,"column":5}},"14":{"start":{"line":13,"column":4},"end":{"line":18,"column":5}},"15":{"start":{"line":14,"column":8},"end":{"line":17,"column":10}},"16":{"start":{"line":19,"column":4},"end":{"line":29,"column":6}},"17":{"start":{"line":20,"column":8},"end":{"line":20,"column":25}},"18":{"start":{"line":21,"column":8},"end":{"line":28,"column":11}},"19":{"start":{"line":23,"column":12},"end":{"line":26,"column":13}},"20":{"start":{"line":24,"column":16},"end":{"line":24,"column":41}},"21":{"start":{"line":25,"column":16},"end":{"line":25,"column":36}},"22":{"start":{"line":27,"column":12},"end":{"line":27,"column":63}},"23":{"start":{"line":30,"column":4},"end":{"line":33,"column":6}},"24":{"start":{"line":31,"column":8},"end":{"line":31,"column":33}},"25":{"start":{"line":32,"column":8},"end":{"line":32,"column":33}},"26":{"start":{"line":34,"column":4},"end":{"line":37,"column":6}},"27":{"start":{"line":35,"column":8},"end":{"line":35,"column":106}},"28":{"start":{"line":35,"column":56},"end":{"line":35,"column":102}},"29":{"start":{"line":36,"column":8},"end":{"line":36,"column":40}},"30":{"start":{"line":38,"column":4},"end":{"line":41,"column":21}},"31":{"start":{"line":42,"column":4},"end":{"line":42,"column":24}},"32":{"start":{"line":44,"column":0},"end":{"line":44,"column":36}}},"branchMap":{"1":{"line":2,"type":"binary-expr","locations":[{"start":{"line":2,"column":18},"end":{"line":2,"column":22}},{"start":{"line":2,"column":26},"end":{"line":2,"column":41}},{"start":{"line":2,"column":46},"end":{"line":7,"column":1}}]},"2":{"line":3,"type":"cond-expr","locations":[{"start":{"line":3,"column":42},"end":{"line":3,"column":48}},{"start":{"line":3,"column":51},"end":{"line":3,"column":125}}]},"3":{"line":3,"type":"cond-expr","locations":[{"start":{"line":3,"column":67},"end":{"line":3,"column":118}},{"start":{"line":3,"column":121},"end":{"line":3,"column":125}}]},"4":{"line":4,"type":"if","locations":[{"start":{"line":4,"column":4},"end":{"line":4,"column":4}},{"start":{"line":4,"column":4},"end":{"line":4,"column":4}}]},"5":{"line":4,"type":"binary-expr","locations":[{"start":{"line":4,"column":8},"end":{"line":4,"column":35}},{"start":{"line":4,"column":39},"end":{"line":4,"column":77}}]},"6":{"line":5,"type":"if","locations":[{"start":{"line":5,"column":58},"end":{"line":5,"column":58}},{"start":{"line":5,"column":58},"end":{"line":5,"column":58}}]},"7":{"line":5,"type":"binary-expr","locations":[{"start":{"line":5,"column":86},"end":{"line":5,"column":143}},{"start":{"line":5,"column":148},"end":{"line":5,"column":149}}]},"8":{"line":5,"type":"cond-expr","locations":[{"start":{"line":5,"column":94},"end":{"line":5,"column":98}},{"start":{"line":5,"column":101},"end":{"line":5,"column":143}}]},"9":{"line":5,"type":"cond-expr","locations":[{"start":{"line":5,"column":109},"end":{"line":5,"column":126}},{"start":{"line":5,"column":129},"end":{"line":5,"column":143}}]},"10":{"line":6,"type":"binary-expr","locations":[{"start":{"line":6,"column":11},"end":{"line":6,"column":16}},{"start":{"line":6,"column":20},"end":{"line":6,"column":21}},{"start":{"line":6,"column":25},"end":{"line":6,"column":62}}]},"11":{"line":8,"type":"binary-expr","locations":[{"start":{"line":8,"column":18},"end":{"line":8,"column":22}},{"start":{"line":8,"column":26},"end":{"line":8,"column":41}},{"start":{"line":8,"column":46},"end":{"line":10,"column":1}}]},"12":{"line":9,"type":"if","locations":[{"start":{"line":9,"column":4},"end":{"line":9,"column":4}},{"start":{"line":9,"column":4},"end":{"line":9,"column":4}}]},"13":{"line":9,"type":"binary-expr","locations":[{"start":{"line":9,"column":8},"end":{"line":9,"column":35}},{"start":{"line":9,"column":39},"end":{"line":9,"column":77}}]},"14":{"line":23,"type":"if","locations":[{"start":{"line":23,"column":12},"end":{"line":23,"column":12}},{"start":{"line":23,"column":12},"end":{"line":23,"column":12}}]},"15":{"line":35,"type":"binary-expr","locations":[{"start":{"line":35,"column":63},"end":{"line":35,"column":80}},{"start":{"line":35,"column":84},"end":{"line":35,"column":101}}]}},"l":{"2":1,"3":1,"4":1,"5":0,"6":1,"8":1,"9":1,"11":1,"12":1,"13":1,"14":0,"19":1,"20":0,"21":0,"23":0,"24":0,"25":0,"27":0,"30":1,"31":0,"32":0,"34":1,"35":0,"36":0,"38":1,"42":1,"44":1}}}
